2025-06-03 20:15:29.848 [main] INFO  anbar.model.repository.ProductDA - Connected
2025-06-03 20:16:04.819 [main] INFO  anbar.model.repository.ProductDA - Connected
2025-06-03 20:16:05.770 [main] INFO  anbar.model.repository.ProductDA - Product saved: Product(id=1, brand=IPHONE, model=2020, os=ANDROID, hasCharger=true, hasHeadset=false, price=1200, count=50, manufactureDate=2025-06-03)
2025-06-04 12:00:39.716 [JavaFX Application Thread] INFO  anbar.model.repository.ProductDA - Connection DB Connected
2025-06-04 12:00:40.996 [JavaFX Application Thread] INFO  anbar.model.repository.ProductDA - Connection DB Closed
2025-06-04 12:00:41.001 [JavaFX Application Thread] ERROR anbar.controller.ProductController - Error Resetting Form: ORA-00942: table or view does not exist

2025-06-04 12:00:54.914 [JavaFX Application Thread] INFO  anbar.model.repository.ProductDA - Connection DB Connected
2025-06-04 12:00:55.015 [JavaFX Application Thread] INFO  anbar.model.repository.ProductDA - Connection DB Closed
2025-06-04 12:00:55.017 [JavaFX Application Thread] ERROR anbar.controller.ProductController - Error Saving Product: ORA-00942: table or view does not exist

2025-06-04 12:00:58.245 [JavaFX Application Thread] INFO  anbar.model.repository.ProductDA - Connection DB Connected
2025-06-04 12:00:58.311 [JavaFX Application Thread] INFO  anbar.model.repository.ProductDA - Connection DB Closed
2025-06-04 12:00:58.314 [JavaFX Application Thread] ERROR anbar.controller.ProductController - Error Saving Product: ORA-00942: table or view does not exist

2025-06-04 13:35:44.564 [JavaFX Application Thread] INFO  anbar.model.repository.ProductDA - Connection DB Connected
2025-06-04 13:35:46.088 [JavaFX Application Thread] INFO  anbar.model.repository.ProductDA - Connection DB Closed
2025-06-04 13:35:46.094 [JavaFX Application Thread] ERROR anbar.controller.ProductController - Error Resetting Form: ORA-00942: table or view does not exist

2025-06-04 13:35:57.318 [JavaFX Application Thread] INFO  anbar.model.repository.ProductDA - Connection DB Connected
2025-06-04 13:35:57.647 [JavaFX Application Thread] INFO  anbar.model.repository.ProductDA - Product saved: Product(id=0, brand=SAMSUNG, model=1200, os=IOS, hasCharger=false, hasHeadset=false, price=1, count=1, manufactureDate=2025-06-04)
2025-06-04 13:35:57.648 [JavaFX Application Thread] INFO  anbar.controller.ProductController - Product Created: Product(id=0, brand=SAMSUNG, model=1200, os=IOS, hasCharger=false, hasHeadset=false, price=1, count=1, manufactureDate=2025-06-04)
2025-06-04 13:35:57.820 [JavaFX Application Thread] INFO  anbar.model.repository.ProductDA - Connection DB Connected
2025-06-04 13:35:57.915 [JavaFX Application Thread] INFO  anbar.model.repository.ProductDA - Connection DB Closed
2025-06-04 13:35:57.917 [JavaFX Application Thread] ERROR anbar.controller.ProductController - Error Resetting Form: ORA-00942: table or view does not exist

2025-06-04 13:35:57.917 [JavaFX Application Thread] INFO  anbar.model.repository.ProductDA - Connection DB Closed
2025-06-04 13:40:13.060 [JavaFX Application Thread] INFO  anbar.model.repository.ProductDA - Connection DB Connected
2025-06-04 13:40:15.172 [JavaFX Application Thread] INFO  anbar.model.repository.ProductDA - Connection DB Closed
2025-06-04 13:40:27.948 [JavaFX Application Thread] INFO  anbar.model.repository.ProductDA - Connection DB Connected
2025-06-04 13:40:28.114 [JavaFX Application Thread] INFO  anbar.model.repository.ProductDA - Connection DB Closed
2025-06-04 13:40:28.115 [JavaFX Application Thread] ERROR anbar.controller.ProductController - Error Saving Product: ORA-00001: unique constraint (ADMIN.SYS_C008315) violated

2025-06-04 13:40:38.156 [JavaFX Application Thread] INFO  anbar.model.repository.ProductDA - Connection DB Connected
2025-06-04 13:40:38.240 [JavaFX Application Thread] INFO  anbar.model.repository.ProductDA - Connection DB Closed
2025-06-04 13:40:38.243 [JavaFX Application Thread] ERROR anbar.controller.ProductController - Error Saving Product: ORA-00001: unique constraint (ADMIN.SYS_C008315) violated

2025-06-04 13:43:11.728 [JavaFX Application Thread] INFO  anbar.model.repository.ProductDA - Connection DB Connected
2025-06-04 13:43:12.739 [JavaFX Application Thread] INFO  anbar.model.repository.ProductDA - Connection DB Closed
2025-06-04 13:43:20.294 [JavaFX Application Thread] INFO  anbar.model.repository.ProductDA - Connection DB Connected
2025-06-04 13:43:20.367 [JavaFX Application Thread] INFO  anbar.model.repository.ProductDA - Connection DB Closed
2025-06-04 13:43:20.368 [JavaFX Application Thread] ERROR anbar.controller.ProductController - Error Saving Product: ORA-00001: unique constraint (ADMIN.SYS_C008315) violated

2025-06-04 13:44:33.267 [JavaFX Application Thread] INFO  anbar.model.repository.ProductDA - Connection DB Connected
2025-06-04 13:44:34.344 [JavaFX Application Thread] INFO  anbar.model.repository.ProductDA - Connection DB Closed
2025-06-04 13:44:46.259 [JavaFX Application Thread] INFO  anbar.model.repository.ProductDA - Connection DB Connected
2025-06-04 13:44:46.313 [JavaFX Application Thread] INFO  anbar.model.repository.ProductDA - Product saved: Product(id=1, brand=SAMSUNG, model=1, os=IOS, hasCharger=false, hasHeadset=true, price=1, count=1, manufactureDate=2025-06-04)
2025-06-04 13:44:46.313 [JavaFX Application Thread] INFO  anbar.controller.ProductController - Product Created: Product(id=1, brand=SAMSUNG, model=1, os=IOS, hasCharger=false, hasHeadset=true, price=1, count=1, manufactureDate=2025-06-04)
2025-06-04 13:44:46.362 [JavaFX Application Thread] INFO  anbar.model.repository.ProductDA - Connection DB Connected
2025-06-04 13:44:46.405 [JavaFX Application Thread] INFO  anbar.model.repository.ProductDA - Connection DB Closed
2025-06-04 13:44:46.406 [JavaFX Application Thread] INFO  anbar.model.repository.ProductDA - Connection DB Closed
2025-06-04 13:44:59.950 [JavaFX Application Thread] INFO  anbar.model.repository.ProductDA - Connection DB Connected
2025-06-04 13:45:00.000 [JavaFX Application Thread] INFO  anbar.model.repository.ProductDA - Product saved: Product(id=2, brand=IPHONE, model=2, os=ANDROID, hasCharger=true, hasHeadset=true, price=2, count=2, manufactureDate=2025-06-04)
2025-06-04 13:45:00.000 [JavaFX Application Thread] INFO  anbar.controller.ProductController - Product Created: Product(id=2, brand=IPHONE, model=2, os=ANDROID, hasCharger=true, hasHeadset=true, price=2, count=2, manufactureDate=2025-06-04)
2025-06-04 13:45:00.017 [JavaFX Application Thread] INFO  anbar.model.repository.ProductDA - Connection DB Connected
2025-06-04 13:45:00.067 [JavaFX Application Thread] INFO  anbar.model.repository.ProductDA - Connection DB Closed
2025-06-04 13:45:00.068 [JavaFX Application Thread] INFO  anbar.model.repository.ProductDA - Connection DB Closed
2025-06-04 16:30:31.261 [JavaFX Application Thread] INFO  anbar.model.repository.ProductDA - Connection DB Connected
2025-06-04 16:30:32.679 [JavaFX Application Thread] INFO  anbar.model.repository.ProductDA - Connection DB Closed
2025-06-04 16:30:59.957 [JavaFX Application Thread] INFO  anbar.model.repository.ProductDA - Connection DB Connected
2025-06-04 16:31:00.067 [JavaFX Application Thread] INFO  anbar.model.repository.ProductDA - Connection DB Closed
2025-06-04 16:31:00.069 [JavaFX Application Thread] ERROR anbar.controller.ProductController - Error Saving Product: ORA-02289: sequence does not exist

2025-06-04 16:43:00.994 [JavaFX Application Thread] INFO  anbar.model.repository.ProductDA - Connection DB Connected
2025-06-04 16:43:02.053 [JavaFX Application Thread] INFO  anbar.model.repository.ProductDA - Connection DB Closed
2025-06-04 16:43:02.057 [JavaFX Application Thread] ERROR anbar.controller.ProductController - Error Resetting Form: ORA-02289: sequence does not exist

2025-06-04 16:43:27.081 [JavaFX Application Thread] INFO  anbar.model.repository.ProductDA - Connection DB Connected
2025-06-04 16:43:27.183 [JavaFX Application Thread] INFO  anbar.model.repository.ProductDA - Connection DB Closed
2025-06-04 16:43:27.184 [JavaFX Application Thread] ERROR anbar.controller.ProductController - Error Saving Product: For input string: ""
2025-06-04 16:46:29.674 [JavaFX Application Thread] INFO  anbar.model.repository.ProductDA - Connection DB Connected
2025-06-04 16:46:30.790 [JavaFX Application Thread] INFO  anbar.model.repository.ProductDA - Connection DB Closed
2025-06-04 16:46:30.795 [JavaFX Application Thread] ERROR anbar.controller.ProductController - Error Resetting Form: ORA-02289: sequence does not exist

2025-06-04 16:48:19.370 [JavaFX Application Thread] INFO  anbar.model.repository.ProductDA - Connection DB Connected
2025-06-04 16:48:20.668 [JavaFX Application Thread] INFO  anbar.model.repository.ProductDA - Connection DB Closed
2025-06-04 16:48:20.674 [JavaFX Application Thread] ERROR anbar.controller.ProductController - Error Resetting Form: ORA-00933: SQL command not properly ended

2025-06-04 16:49:59.685 [main] INFO  anbar.model.repository.ProductDA - Connection DB Connected
2025-06-04 16:50:01.193 [main] INFO  anbar.model.repository.ProductDA - Connection DB Closed
2025-06-04 16:51:23.873 [main] INFO  anbar.model.repository.ProductDA - Connection DB Connected
2025-06-04 16:51:25.106 [main] INFO  anbar.model.repository.ProductDA - Connection DB Closed
2025-06-04 16:52:36.936 [main] INFO  anbar.model.repository.ProductDA - Connection DB Connected
2025-06-04 16:52:38.184 [main] INFO  anbar.model.repository.ProductDA - Connection DB Closed
2025-06-04 16:52:51.781 [main] INFO  anbar.model.repository.ProductDA - Connection DB Connected
2025-06-04 16:52:52.971 [main] INFO  anbar.model.repository.ProductDA - Product saved: Product(id=12, brand=IPHONE, model=2020, os=ANDROID, hasCharger=true, hasHeadset=false, price=1200, count=50, manufactureDate=2025-06-04)
2025-06-04 16:52:52.971 [main] INFO  anbar.model.repository.ProductDA - Connection DB Closed
2025-06-04 16:53:36.271 [main] INFO  anbar.model.repository.ProductDA - Connection DB Connected
2025-06-04 16:53:37.527 [main] INFO  anbar.model.repository.ProductDA - Connection DB Closed
2025-06-04 16:56:46.408 [main] INFO  anbar.model.repository.ProductDA - Connection DB Connected
2025-06-04 16:57:55.895 [JavaFX Application Thread] INFO  anbar.model.repository.ProductDA - Connection DB Connected
2025-06-04 16:57:57.210 [JavaFX Application Thread] INFO  anbar.model.repository.ProductDA - Connection DB Closed
2025-06-04 16:57:57.215 [JavaFX Application Thread] ERROR anbar.controller.ProductController - Error Resetting Form: ORA-00933: SQL command not properly ended

2025-06-04 16:58:07.646 [JavaFX Application Thread] INFO  anbar.model.repository.ProductDA - Connection DB Connected
2025-06-04 16:58:07.716 [JavaFX Application Thread] INFO  anbar.model.repository.ProductDA - Connection DB Closed
2025-06-04 16:58:07.718 [JavaFX Application Thread] ERROR anbar.controller.ProductController - Error Saving Product: For input string: ""
2025-06-04 16:59:03.150 [main] INFO  anbar.model.repository.ProductDA - Connection DB Connected
2025-06-04 16:59:04.406 [main] INFO  anbar.model.repository.ProductDA - Connection DB Closed
2025-06-04 17:00:15.140 [main] INFO  anbar.model.repository.ProductDA - Connection DB Connected
2025-06-04 17:00:16.367 [main] INFO  anbar.model.repository.ProductDA - Connection DB Closed
2025-06-04 17:00:36.242 [main] INFO  anbar.model.repository.ProductDA - Connection DB Connected
2025-06-04 17:00:37.435 [main] INFO  anbar.model.repository.ProductDA - Connection DB Closed
2025-06-04 17:05:45.428 [main] INFO  anbar.model.repository.ProductDA - Connection DB Connected
2025-06-04 17:05:46.741 [main] INFO  anbar.model.repository.ProductDA - Connection DB Closed
2025-06-04 17:06:17.812 [JavaFX Application Thread] INFO  anbar.model.repository.ProductDA - Connection DB Connected
2025-06-04 17:06:18.942 [JavaFX Application Thread] INFO  anbar.model.repository.ProductDA - Connection DB Closed
2025-06-04 17:06:18.947 [JavaFX Application Thread] ERROR anbar.controller.ProductController - Error Resetting Form: ORA-00933: SQL command not properly ended

2025-06-04 17:07:06.253 [JavaFX Application Thread] INFO  anbar.model.repository.ProductDA - Connection DB Connected
2025-06-04 17:07:07.620 [JavaFX Application Thread] INFO  anbar.model.repository.ProductDA - Connection DB Closed
2025-06-04 17:08:31.122 [main] INFO  anbar.model.repository.ProductDA - Connection DB Connected
2025-06-04 17:08:32.425 [main] INFO  anbar.model.repository.ProductDA - Connection DB Closed
2025-06-04 17:08:44.056 [main] INFO  anbar.model.repository.ProductDA - Connection DB Connected
2025-06-04 17:08:45.365 [main] INFO  anbar.model.repository.ProductDA - Connection DB Closed
2025-06-04 17:08:56.148 [JavaFX Application Thread] INFO  anbar.model.repository.ProductDA - Connection DB Connected
2025-06-04 17:08:57.430 [JavaFX Application Thread] INFO  anbar.model.repository.ProductDA - Connection DB Closed
2025-06-04 17:09:06.887 [JavaFX Application Thread] INFO  anbar.model.repository.ProductDA - Connection DB Connected
2025-06-04 17:09:06.959 [JavaFX Application Thread] INFO  anbar.model.repository.ProductDA - Connection DB Closed
2025-06-04 17:09:06.961 [JavaFX Application Thread] ERROR anbar.controller.ProductController - Error Saving Product: For input string: ""
2025-06-04 17:10:10.939 [JavaFX Application Thread] INFO  anbar.model.repository.ProductDA - Connection DB Connected
2025-06-04 17:10:12.311 [JavaFX Application Thread] INFO  anbar.model.repository.ProductDA - Connection DB Closed
2025-06-04 17:10:23.470 [main] INFO  anbar.model.repository.ProductDA - Connection DB Connected
2025-06-04 17:10:24.816 [main] INFO  anbar.model.repository.ProductDA - Product saved: Product(id=14, brand=IPHONE, model=2020, os=ANDROID, hasCharger=true, hasHeadset=false, price=1200, count=50, manufactureDate=2025-06-04)
2025-06-04 17:10:24.816 [main] INFO  anbar.model.repository.ProductDA - Connection DB Closed
2025-06-04 17:12:22.983 [main] INFO  anbar.model.repository.ProductDA - Connection DB Connected
2025-06-04 17:12:24.340 [main] INFO  anbar.model.repository.ProductDA - Product saved: Product(id=15, brand=IPHONE, model=2020, os=ANDROID, hasCharger=true, hasHeadset=false, price=1200, count=50, manufactureDate=2025-06-04)
2025-06-04 17:12:24.340 [main] INFO  anbar.model.repository.ProductDA - Connection DB Closed
2025-06-04 17:12:40.535 [JavaFX Application Thread] INFO  anbar.model.repository.ProductDA - Connection DB Connected
2025-06-04 17:12:42.073 [JavaFX Application Thread] INFO  anbar.model.repository.ProductDA - Connection DB Closed
2025-06-04 17:13:12.238 [JavaFX Application Thread] INFO  anbar.model.repository.ProductDA - Connection DB Connected
2025-06-04 17:13:12.326 [JavaFX Application Thread] INFO  anbar.model.repository.ProductDA - Product saved: Product(id=16, brand=XIAOMI, model=a200, os=IOS, hasCharger=true, hasHeadset=false, price=1900, count=23, manufactureDate=2025-06-04)
2025-06-04 17:13:12.326 [JavaFX Application Thread] INFO  anbar.controller.ProductController - Product Created: Product(id=16, brand=XIAOMI, model=a200, os=IOS, hasCharger=true, hasHeadset=false, price=1900, count=23, manufactureDate=2025-06-04)
2025-06-04 17:13:12.390 [JavaFX Application Thread] INFO  anbar.model.repository.ProductDA - Connection DB Connected
2025-06-04 17:13:12.476 [JavaFX Application Thread] INFO  anbar.model.repository.ProductDA - Connection DB Closed
2025-06-04 17:13:12.478 [JavaFX Application Thread] INFO  anbar.model.repository.ProductDA - Connection DB Closed
2025-06-04 17:13:37.173 [JavaFX Application Thread] INFO  anbar.model.repository.ProductDA - Connection DB Connected
2025-06-04 17:13:37.248 [JavaFX Application Thread] INFO  anbar.model.repository.ProductDA - Connection DB Closed
2025-06-04 17:13:37.250 [JavaFX Application Thread] ERROR anbar.controller.ProductController - Error Saving Product: ORA-00001: unique constraint (ADMIN.SYS_C008315) violated

2025-06-04 17:14:16.885 [JavaFX Application Thread] INFO  anbar.model.repository.ProductDA - Connection DB Connected
2025-06-04 17:14:16.962 [JavaFX Application Thread] INFO  anbar.model.repository.ProductDA - Product edited: Product(id=1, brand=SAMSUNG, model=11, os=ANDROID, hasCharger=true, hasHeadset=true, price=11, count=11, manufactureDate=2025-06-04)
2025-06-04 17:14:16.964 [JavaFX Application Thread] INFO  anbar.controller.ProductController - Product Edited: Product(id=1, brand=SAMSUNG, model=11, os=ANDROID, hasCharger=true, hasHeadset=true, price=11, count=11, manufactureDate=2025-06-04)
2025-06-04 17:14:16.995 [JavaFX Application Thread] INFO  anbar.model.repository.ProductDA - Connection DB Connected
2025-06-04 17:14:17.063 [JavaFX Application Thread] INFO  anbar.model.repository.ProductDA - Connection DB Closed
2025-06-04 17:14:17.064 [JavaFX Application Thread] INFO  anbar.model.repository.ProductDA - Connection DB Closed
2025-06-04 17:14:25.196 [JavaFX Application Thread] INFO  anbar.model.repository.ProductDA - Connection DB Connected
2025-06-04 17:17:00.633 [JavaFX Application Thread] INFO  anbar.model.repository.ProductDA - Connection DB Connected
2025-06-04 17:17:01.958 [JavaFX Application Thread] INFO  anbar.model.repository.ProductDA - Connection DB Closed
2025-06-04 17:26:54.919 [JavaFX Application Thread] INFO  anbar.model.repository.ProductDA - Connection DB Connected
2025-06-04 17:26:56.423 [JavaFX Application Thread] INFO  anbar.model.repository.ProductDA - Connection DB Closed
2025-06-04 17:27:02.562 [JavaFX Application Thread] INFO  anbar.model.repository.ProductDA - Connection DB Connected
2025-06-04 17:28:57.218 [JavaFX Application Thread] INFO  anbar.model.repository.ProductDA - Connection DB Connected
2025-06-04 17:28:58.508 [JavaFX Application Thread] INFO  anbar.model.repository.ProductDA - Connection DB Closed
2025-06-04 17:29:14.822 [main] INFO  anbar.model.repository.ProductDA - Connection DB Connected
2025-06-04 17:32:48.360 [main] INFO  anbar.model.repository.ProductDA - Connection DB Connected
2025-06-04 17:32:49.638 [main] INFO  anbar.model.repository.ProductDA - Product removed: 14
2025-06-04 17:32:49.638 [main] INFO  anbar.model.repository.ProductDA - Connection DB Closed
2025-06-04 17:33:13.636 [JavaFX Application Thread] INFO  anbar.model.repository.ProductDA - Connection DB Connected
2025-06-04 17:33:15.047 [JavaFX Application Thread] INFO  anbar.model.repository.ProductDA - Connection DB Closed
2025-06-04 17:33:21.558 [JavaFX Application Thread] INFO  anbar.model.repository.ProductDA - Connection DB Connected
2025-06-04 17:34:11.473 [JavaFX Application Thread] INFO  anbar.model.repository.ProductDA - Connection DB Connected
2025-06-04 17:34:12.727 [JavaFX Application Thread] INFO  anbar.model.repository.ProductDA - Connection DB Closed
2025-06-04 17:34:48.146 [JavaFX Application Thread] INFO  anbar.model.repository.ProductDA - Connection DB Connected
2025-06-04 17:34:48.239 [JavaFX Application Thread] INFO  anbar.model.repository.ProductDA - Product removed: 0
2025-06-04 17:34:48.290 [JavaFX Application Thread] INFO  anbar.controller.ProductController - Product Deleted: 0
2025-06-04 17:34:48.290 [JavaFX Application Thread] INFO  anbar.model.repository.ProductDA - Connection DB Connected
2025-06-04 17:34:48.367 [JavaFX Application Thread] INFO  anbar.model.repository.ProductDA - Connection DB Closed
2025-06-04 17:34:48.369 [JavaFX Application Thread] INFO  anbar.model.repository.ProductDA - Connection DB Closed
2025-06-04 17:41:41.894 [JavaFX Application Thread] INFO  anbar.model.repository.ProductDA - Connection DB Connected
2025-06-04 17:41:43.136 [JavaFX Application Thread] INFO  anbar.model.repository.ProductDA - Connection DB Closed
2025-06-04 17:43:11.260 [JavaFX Application Thread] INFO  anbar.model.repository.ProductDA - Connection DB Connected
2025-06-04 17:43:12.464 [JavaFX Application Thread] INFO  anbar.model.repository.ProductDA - Connection DB Closed
2025-06-04 17:46:11.162 [JavaFX Application Thread] INFO  anbar.model.repository.ProductDA - Connection DB Connected
2025-06-04 17:46:12.473 [JavaFX Application Thread] INFO  anbar.model.repository.ProductDA - Connection DB Closed
2025-06-04 17:46:46.336 [JavaFX Application Thread] INFO  anbar.model.repository.ProductDA - Connection DB Connected
2025-06-04 17:46:47.678 [JavaFX Application Thread] INFO  anbar.model.repository.ProductDA - Connection DB Closed
2025-06-04 17:46:58.382 [JavaFX Application Thread] INFO  anbar.model.repository.ProductDA - Connection DB Connected
2025-06-04 17:46:58.481 [JavaFX Application Thread] INFO  anbar.model.repository.ProductDA - Product saved: Product(id=2, brand=SAMSUNG, model=1200, os=IOS, hasCharger=false, hasHeadset=false, price=1, count=10, manufactureDate=2025-06-04)
2025-06-04 17:46:58.481 [JavaFX Application Thread] INFO  anbar.controller.ProductController - Product Created: Product(id=2, brand=SAMSUNG, model=1200, os=IOS, hasCharger=false, hasHeadset=false, price=1, count=10, manufactureDate=2025-06-04)
2025-06-04 17:46:58.540 [JavaFX Application Thread] INFO  anbar.model.repository.ProductDA - Connection DB Connected
2025-06-04 17:46:58.619 [JavaFX Application Thread] INFO  anbar.model.repository.ProductDA - Connection DB Closed
2025-06-04 17:46:58.621 [JavaFX Application Thread] INFO  anbar.model.repository.ProductDA - Connection DB Closed
2025-06-04 17:47:10.635 [JavaFX Application Thread] INFO  anbar.model.repository.ProductDA - Connection DB Connected
2025-06-04 17:47:10.682 [JavaFX Application Thread] INFO  anbar.model.repository.ProductDA - Product removed: 2
2025-06-04 17:47:10.705 [JavaFX Application Thread] INFO  anbar.controller.ProductController - Product Deleted: 2
2025-06-04 17:47:10.705 [JavaFX Application Thread] INFO  anbar.model.repository.ProductDA - Connection DB Connected
2025-06-04 17:47:10.769 [JavaFX Application Thread] INFO  anbar.model.repository.ProductDA - Connection DB Closed
2025-06-04 17:47:10.772 [JavaFX Application Thread] INFO  anbar.model.repository.ProductDA - Connection DB Closed
2025-06-04 17:47:54.370 [JavaFX Application Thread] INFO  anbar.model.repository.ProductDA - Connection DB Connected
2025-06-04 17:47:55.724 [JavaFX Application Thread] INFO  anbar.model.repository.ProductDA - Connection DB Closed
2025-06-04 17:48:19.846 [JavaFX Application Thread] INFO  anbar.model.repository.ProductDA - Connection DB Connected
2025-06-04 17:48:19.951 [JavaFX Application Thread] INFO  anbar.model.repository.ProductDA - Product saved: Product(id=1, brand=IPHONE, model=not11, os=ANDROID, hasCharger=true, hasHeadset=true, price=1000, count=10, manufactureDate=2025-06-04)
2025-06-04 17:48:19.952 [JavaFX Application Thread] INFO  anbar.controller.ProductController - Product Created: Product(id=1, brand=IPHONE, model=not11, os=ANDROID, hasCharger=true, hasHeadset=true, price=1000, count=10, manufactureDate=2025-06-04)
2025-06-04 17:48:20.010 [JavaFX Application Thread] INFO  anbar.model.repository.ProductDA - Connection DB Connected
2025-06-04 17:48:20.096 [JavaFX Application Thread] INFO  anbar.model.repository.ProductDA - Connection DB Closed
2025-06-04 17:48:20.098 [JavaFX Application Thread] INFO  anbar.model.repository.ProductDA - Connection DB Closed
2025-06-04 17:49:00.388 [JavaFX Application Thread] INFO  anbar.model.repository.ProductDA - Connection DB Connected
2025-06-04 17:49:00.485 [JavaFX Application Thread] INFO  anbar.model.repository.ProductDA - Product saved: Product(id=2, brand=SONY, model=iphone13, os=IOS, hasCharger=false, hasHeadset=false, price=5000, count=12, manufactureDate=2025-06-04)
2025-06-04 17:49:00.486 [JavaFX Application Thread] INFO  anbar.controller.ProductController - Product Created: Product(id=2, brand=SONY, model=iphone13, os=IOS, hasCharger=false, hasHeadset=false, price=5000, count=12, manufactureDate=2025-06-04)
2025-06-04 17:49:00.518 [JavaFX Application Thread] INFO  anbar.model.repository.ProductDA - Connection DB Connected
2025-06-04 17:49:00.584 [JavaFX Application Thread] INFO  anbar.model.repository.ProductDA - Connection DB Closed
2025-06-04 17:49:00.585 [JavaFX Application Thread] INFO  anbar.model.repository.ProductDA - Connection DB Closed
2025-06-04 17:51:00.860 [JavaFX Application Thread] INFO  anbar.model.repository.ProductDA - Connection DB Connected
2025-06-04 17:51:02.242 [JavaFX Application Thread] INFO  anbar.model.repository.ProductDA - Connection DB Closed
2025-06-04 17:51:15.258 [JavaFX Application Thread] INFO  anbar.model.repository.ProductDA - Connection DB Connected
2025-06-04 17:51:15.349 [JavaFX Application Thread] INFO  anbar.model.repository.ProductDA - Connection DB Closed
2025-06-04 17:51:15.350 [JavaFX Application Thread] ERROR anbar.controller.ProductController - Error Saving Product: For input string: "s"
2025-06-04 17:51:19.387 [JavaFX Application Thread] INFO  anbar.model.repository.ProductDA - Connection DB Connected
2025-06-04 17:51:19.491 [JavaFX Application Thread] INFO  anbar.model.repository.ProductDA - Connection DB Closed
2025-06-04 17:51:19.494 [JavaFX Application Thread] ERROR anbar.controller.ProductController - Error Saving Product: For input string: "s"
2025-06-04 17:52:48.517 [JavaFX Application Thread] INFO  anbar.model.repository.ProductDA - Connection DB Connected
2025-06-04 17:52:49.884 [JavaFX Application Thread] INFO  anbar.model.repository.ProductDA - Connection DB Closed
2025-06-04 17:53:04.399 [JavaFX Application Thread] INFO  anbar.model.repository.ProductDA - Connection DB Connected
2025-06-04 17:53:04.510 [JavaFX Application Thread] INFO  anbar.model.repository.ProductDA - Product saved: Product(id=5, brand=SAMSUNG, model=s, os=IOS, hasCharger=false, hasHeadset=false, price=10, count=10, manufactureDate=2025-06-04)
2025-06-04 17:53:04.510 [JavaFX Application Thread] INFO  anbar.controller.ProductController - Product Created: Product(id=5, brand=SAMSUNG, model=s, os=IOS, hasCharger=false, hasHeadset=false, price=10, count=10, manufactureDate=2025-06-04)
2025-06-04 17:53:04.571 [JavaFX Application Thread] INFO  anbar.model.repository.ProductDA - Connection DB Connected
2025-06-04 17:53:04.651 [JavaFX Application Thread] INFO  anbar.model.repository.ProductDA - Connection DB Closed
2025-06-04 17:53:04.653 [JavaFX Application Thread] INFO  anbar.model.repository.ProductDA - Connection DB Closed
2025-06-04 17:53:21.132 [JavaFX Application Thread] INFO  anbar.model.repository.ProductDA - Connection DB Connected
2025-06-04 17:53:21.233 [JavaFX Application Thread] INFO  anbar.model.repository.ProductDA - Product saved: Product(id=6, brand=SAMSUNG, model=v, os=IOS, hasCharger=false, hasHeadset=false, price=1, count=1, manufactureDate=2025-06-17)
2025-06-04 17:53:21.233 [JavaFX Application Thread] INFO  anbar.controller.ProductController - Product Created: Product(id=6, brand=SAMSUNG, model=v, os=IOS, hasCharger=false, hasHeadset=false, price=1, count=1, manufactureDate=2025-06-17)
2025-06-04 17:53:21.268 [JavaFX Application Thread] INFO  anbar.model.repository.ProductDA - Connection DB Connected
2025-06-04 17:53:21.330 [JavaFX Application Thread] INFO  anbar.model.repository.ProductDA - Connection DB Closed
2025-06-04 17:53:21.334 [JavaFX Application Thread] INFO  anbar.model.repository.ProductDA - Connection DB Closed
2025-06-04 17:56:46.241 [JavaFX Application Thread] INFO  anbar.model.repository.ProductDA - Connection DB Connected
2025-06-04 17:56:47.714 [JavaFX Application Thread] INFO  anbar.model.repository.ProductDA - Connection DB Closed
2025-06-04 17:57:18.856 [JavaFX Application Thread] INFO  anbar.model.repository.ProductDA - Connection DB Connected
2025-06-04 17:57:20.181 [JavaFX Application Thread] INFO  anbar.model.repository.ProductDA - Connection DB Closed
2025-06-04 17:58:50.199 [JavaFX Application Thread] INFO  anbar.model.repository.ProductDA - Connection DB Connected
2025-06-04 17:58:51.433 [JavaFX Application Thread] INFO  anbar.model.repository.ProductDA - Connection DB Closed
2025-06-04 17:59:04.824 [JavaFX Application Thread] INFO  anbar.model.repository.ProductDA - Connection DB Connected
2025-06-04 17:59:04.894 [JavaFX Application Thread] INFO  anbar.model.repository.ProductDA - Connection DB Closed
2025-06-04 17:59:04.895 [JavaFX Application Thread] ERROR anbar.controller.ProductController - Error Saving Product: For input string: ""
2025-06-04 18:02:15.639 [JavaFX Application Thread] INFO  anbar.model.repository.ProductDA - Connection DB Connected
2025-06-04 18:02:16.942 [JavaFX Application Thread] INFO  anbar.model.repository.ProductDA - Connection DB Closed
2025-06-04 18:02:26.029 [JavaFX Application Thread] INFO  anbar.model.repository.ProductDA - Connection DB Connected
2025-06-04 18:02:26.113 [JavaFX Application Thread] INFO  anbar.model.repository.ProductDA - Connection DB Closed
2025-06-04 18:02:26.115 [JavaFX Application Thread] ERROR anbar.controller.ProductController - Error Saving Product: For input string: ""
2025-06-04 18:08:47.121 [JavaFX Application Thread] INFO  anbar.model.repository.ProductDA - Connection DB Connected
2025-06-04 18:08:50.422 [JavaFX Application Thread] INFO  anbar.model.repository.ProductDA - Connection DB Closed
2025-06-04 18:09:00.705 [JavaFX Application Thread] INFO  anbar.model.repository.ProductDA - Connection DB Connected
2025-06-04 18:09:00.862 [JavaFX Application Thread] INFO  anbar.model.repository.ProductDA - Connection DB Closed
2025-06-04 18:09:00.867 [JavaFX Application Thread] ERROR anbar.controller.ProductController - Error Saving Product: For input string: ""
2025-06-04 18:12:55.567 [JavaFX Application Thread] INFO  anbar.model.repository.ProductDA - Connection DB Connected
2025-06-04 18:12:57.733 [JavaFX Application Thread] INFO  anbar.model.repository.ProductDA - Connection DB Closed
2025-06-04 18:13:10.584 [JavaFX Application Thread] INFO  anbar.model.repository.ProductDA - Connection DB Connected
2025-06-04 18:13:10.749 [JavaFX Application Thread] INFO  anbar.model.repository.ProductDA - Connection DB Closed
2025-06-04 18:13:10.754 [JavaFX Application Thread] ERROR anbar.controller.ProductController - Error Saving Product: For input string: ""
2025-06-04 18:18:29.516 [JavaFX Application Thread] INFO  anbar.model.repository.ProductDA - Connection DB Connected
2025-06-04 18:18:31.914 [JavaFX Application Thread] INFO  anbar.model.repository.ProductDA - Connection DB Closed
2025-06-04 18:18:32.274 [JavaFX Application Thread] INFO  anbar.model.repository.ProductDA - Connection DB Connected
2025-06-04 18:18:35.157 [JavaFX Application Thread] INFO  anbar.model.repository.ProductDA - Connection DB Closed
2025-06-04 18:18:42.218 [JavaFX Application Thread] INFO  anbar.model.repository.ProductDA - Connection DB Connected
2025-06-04 18:18:42.384 [JavaFX Application Thread] INFO  anbar.model.repository.ProductDA - Connection DB Closed
2025-06-04 18:18:42.389 [JavaFX Application Thread] ERROR anbar.controller.ProductController - Error Saving Product: For input string: ""
2025-06-04 18:19:38.324 [JavaFX Application Thread] INFO  anbar.model.repository.ProductDA - Connection DB Connected
2025-06-04 18:19:40.688 [JavaFX Application Thread] INFO  anbar.model.repository.ProductDA - Connection DB Closed
2025-06-04 18:19:52.817 [JavaFX Application Thread] INFO  anbar.model.repository.ProductDA - Connection DB Connected
2025-06-04 18:19:52.976 [JavaFX Application Thread] INFO  anbar.model.repository.ProductDA - Connection DB Closed
2025-06-04 18:19:52.980 [JavaFX Application Thread] ERROR anbar.controller.ProductController - Error Saving Product: For input string: ""
2025-06-04 18:19:52.989 [JavaFX Application Thread] INFO  anbar.model.repository.ProductDA - Connection DB Connected
2025-06-04 18:19:53.135 [JavaFX Application Thread] INFO  anbar.model.repository.ProductDA - Connection DB Closed
2025-06-04 18:19:53.136 [JavaFX Application Thread] ERROR anbar.controller.ProductController - Error Saving Product: For input string: ""
2025-06-04 18:25:41.974 [JavaFX Application Thread] INFO  anbar.model.repository.ProductDA - Connection DB Connected
2025-06-04 18:26:04.350 [JavaFX Application Thread] INFO  anbar.model.repository.ProductDA - Connection DB Connected
2025-06-04 18:26:05.970 [JavaFX Application Thread] INFO  anbar.model.repository.ProductDA - Connection DB Closed
2025-06-04 18:26:16.390 [JavaFX Application Thread] INFO  anbar.model.repository.ProductDA - Connection DB Connected
2025-06-04 18:26:16.543 [JavaFX Application Thread] INFO  anbar.model.repository.ProductDA - Connection DB Closed
2025-06-04 18:26:16.547 [JavaFX Application Thread] ERROR anbar.controller.ProductController - Error Saving Product: For input string: ""
2025-06-04 18:26:59.950 [JavaFX Application Thread] INFO  anbar.model.repository.ProductDA - Connection DB Connected
2025-06-04 18:27:01.657 [JavaFX Application Thread] INFO  anbar.model.repository.ProductDA - Connection DB Closed
2025-06-04 18:27:10.838 [JavaFX Application Thread] INFO  anbar.model.repository.ProductDA - Connection DB Connected
2025-06-04 18:27:10.981 [JavaFX Application Thread] INFO  anbar.model.repository.ProductDA - Connection DB Closed
2025-06-04 18:27:10.983 [JavaFX Application Thread] ERROR anbar.controller.ProductController - Error Saving Product: For input string: ""
2025-06-04 18:31:00.733 [JavaFX Application Thread] INFO  anbar.model.repository.ProductDA - Connection DB Connected
2025-06-04 18:31:02.810 [JavaFX Application Thread] INFO  anbar.model.repository.ProductDA - Connection DB Closed
2025-06-04 18:31:11.886 [JavaFX Application Thread] INFO  anbar.model.repository.ProductDA - Connection DB Connected
2025-06-04 18:31:12.084 [JavaFX Application Thread] INFO  anbar.model.repository.ProductDA - Connection DB Closed
2025-06-04 18:31:12.089 [JavaFX Application Thread] ERROR anbar.controller.ProductController - Error Saving Product: For input string: ""
2025-06-04 18:34:05.195 [JavaFX Application Thread] INFO  anbar.model.repository.ProductDA - Connection DB Connected
2025-06-04 18:34:07.023 [JavaFX Application Thread] INFO  anbar.model.repository.ProductDA - Connection DB Closed
2025-06-04 18:34:15.604 [JavaFX Application Thread] INFO  anbar.model.repository.ProductDA - Connection DB Connected
2025-06-04 18:34:15.816 [JavaFX Application Thread] INFO  anbar.model.repository.ProductDA - Product saved: Product(id=11, brand=SAMSUNG, model=12, os=IOS, hasCharger=false, hasHeadset=false, price=1, count=1, manufactureDate=2025-06-04)
2025-06-04 18:34:15.817 [JavaFX Application Thread] INFO  anbar.controller.ProductController - Product Created: Product(id=11, brand=SAMSUNG, model=12, os=IOS, hasCharger=false, hasHeadset=false, price=1, count=1, manufactureDate=2025-06-04)
2025-06-04 18:34:15.901 [JavaFX Application Thread] INFO  anbar.model.repository.ProductDA - Connection DB Connected
2025-06-04 18:34:16.023 [JavaFX Application Thread] INFO  anbar.model.repository.ProductDA - Connection DB Closed
2025-06-04 18:34:16.026 [JavaFX Application Thread] INFO  anbar.model.repository.ProductDA - Connection DB Closed
2025-06-04 18:34:30.514 [JavaFX Application Thread] INFO  anbar.model.repository.ProductDA - Connection DB Connected
2025-06-04 18:34:30.648 [JavaFX Application Thread] INFO  anbar.model.repository.ProductDA - Product edited: Product(id=6, brand=SAMSUNG, model=v, os=IOS, hasCharger=false, hasHeadset=false, price=5, count=5, manufactureDate=2025-06-17)
2025-06-04 18:34:30.648 [JavaFX Application Thread] INFO  anbar.controller.ProductController - Product Edited: Product(id=6, brand=SAMSUNG, model=v, os=IOS, hasCharger=false, hasHeadset=false, price=5, count=5, manufactureDate=2025-06-17)
2025-06-04 18:34:30.676 [JavaFX Application Thread] INFO  anbar.model.repository.ProductDA - Connection DB Connected
2025-06-04 18:34:30.786 [JavaFX Application Thread] INFO  anbar.model.repository.ProductDA - Connection DB Closed
2025-06-04 18:34:30.788 [JavaFX Application Thread] INFO  anbar.model.repository.ProductDA - Connection DB Closed
2025-06-04 18:34:36.484 [JavaFX Application Thread] INFO  anbar.model.repository.ProductDA - Connection DB Connected
2025-06-04 18:34:36.538 [JavaFX Application Thread] INFO  anbar.model.repository.ProductDA - Product removed: 11
2025-06-04 18:34:36.562 [JavaFX Application Thread] INFO  anbar.controller.ProductController - Product Deleted: 11
2025-06-04 18:34:36.562 [JavaFX Application Thread] INFO  anbar.model.repository.ProductDA - Connection DB Connected
2025-06-04 18:34:36.646 [JavaFX Application Thread] INFO  anbar.model.repository.ProductDA - Connection DB Closed
2025-06-04 18:34:36.648 [JavaFX Application Thread] INFO  anbar.model.repository.ProductDA - Connection DB Closed
2025-06-04 18:34:39.765 [JavaFX Application Thread] INFO  anbar.model.repository.ProductDA - Connection DB Connected
2025-06-04 18:34:39.913 [JavaFX Application Thread] INFO  anbar.model.repository.ProductDA - Product removed: 5
2025-06-04 18:34:39.986 [JavaFX Application Thread] INFO  anbar.controller.ProductController - Product Deleted: 5
2025-06-04 18:34:39.986 [JavaFX Application Thread] INFO  anbar.model.repository.ProductDA - Connection DB Connected
2025-06-04 18:34:40.164 [JavaFX Application Thread] INFO  anbar.model.repository.ProductDA - Connection DB Closed
2025-06-04 18:34:40.168 [JavaFX Application Thread] INFO  anbar.model.repository.ProductDA - Connection DB Closed
2025-06-04 18:34:43.484 [JavaFX Application Thread] INFO  anbar.model.repository.ProductDA - Connection DB Connected
2025-06-04 18:34:43.632 [JavaFX Application Thread] INFO  anbar.model.repository.ProductDA - Product removed: 6
2025-06-04 18:34:43.663 [JavaFX Application Thread] INFO  anbar.controller.ProductController - Product Deleted: 6
2025-06-04 18:34:43.664 [JavaFX Application Thread] INFO  anbar.model.repository.ProductDA - Connection DB Connected
2025-06-04 18:34:43.756 [JavaFX Application Thread] INFO  anbar.model.repository.ProductDA - Connection DB Closed
2025-06-04 18:34:43.759 [JavaFX Application Thread] INFO  anbar.model.repository.ProductDA - Connection DB Closed
2025-06-04 18:34:46.366 [JavaFX Application Thread] INFO  anbar.model.repository.ProductDA - Connection DB Connected
2025-06-04 18:34:46.433 [JavaFX Application Thread] INFO  anbar.model.repository.ProductDA - Product removed: 1
2025-06-04 18:34:46.473 [JavaFX Application Thread] INFO  anbar.controller.ProductController - Product Deleted: 1
2025-06-04 18:34:46.474 [JavaFX Application Thread] INFO  anbar.model.repository.ProductDA - Connection DB Connected
2025-06-04 18:34:46.560 [JavaFX Application Thread] INFO  anbar.model.repository.ProductDA - Connection DB Closed
2025-06-04 18:34:46.562 [JavaFX Application Thread] INFO  anbar.model.repository.ProductDA - Connection DB Closed
2025-06-04 18:34:48.993 [JavaFX Application Thread] INFO  anbar.model.repository.ProductDA - Connection DB Connected
2025-06-04 18:34:49.090 [JavaFX Application Thread] INFO  anbar.model.repository.ProductDA - Product removed: 2
2025-06-04 18:34:49.122 [JavaFX Application Thread] INFO  anbar.controller.ProductController - Product Deleted: 2
2025-06-04 18:34:49.123 [JavaFX Application Thread] INFO  anbar.model.repository.ProductDA - Connection DB Connected
2025-06-04 18:34:49.218 [JavaFX Application Thread] INFO  anbar.model.repository.ProductDA - Connection DB Closed
2025-06-04 18:34:49.221 [JavaFX Application Thread] INFO  anbar.model.repository.ProductDA - Connection DB Closed
2025-06-04 18:35:24.873 [JavaFX Application Thread] INFO  anbar.model.repository.ProductDA - Connection DB Connected
2025-06-04 18:35:26.512 [JavaFX Application Thread] INFO  anbar.model.repository.ProductDA - Connection DB Closed
2025-06-04 18:35:48.587 [JavaFX Application Thread] INFO  anbar.model.repository.ProductDA - Connection DB Connected
2025-06-04 18:35:48.826 [JavaFX Application Thread] INFO  anbar.model.repository.ProductDA - Product saved: Product(id=1, brand=IPHONE, model=iphone11, os=IOS, hasCharger=true, hasHeadset=false, price=1200, count=5, manufactureDate=2025-06-04)
2025-06-04 18:35:48.826 [JavaFX Application Thread] INFO  anbar.controller.ProductController - Product Created: Product(id=1, brand=IPHONE, model=iphone11, os=IOS, hasCharger=true, hasHeadset=false, price=1200, count=5, manufactureDate=2025-06-04)
2025-06-04 18:35:48.898 [JavaFX Application Thread] INFO  anbar.model.repository.ProductDA - Connection DB Connected
2025-06-04 18:35:49.002 [JavaFX Application Thread] INFO  anbar.model.repository.ProductDA - Connection DB Closed
2025-06-04 18:35:49.004 [JavaFX Application Thread] INFO  anbar.model.repository.ProductDA - Connection DB Closed
